2018-03-25 15:45:36.589  INFO [http-8080-1] org.springframework.web.servlet.DispatcherServlet:org.springframework.web.servlet.FrameworkServlet.initServletBean(FrameworkServlet.java:489) - FrameworkServlet 'springmvc': initialization started
2018-03-25 15:45:36.592  INFO [http-8080-1] org.springframework.web.context.support.XmlWebApplicationContext:org.springframework.context.support.AbstractApplicationContext.prepareRefresh(AbstractApplicationContext.java:583) - Refreshing WebApplicationContext for namespace 'springmvc-servlet': startup date [Sun Mar 25 15:45:36 CST 2018]; parent: Root WebApplicationContext
2018-03-25 15:45:36.593  INFO [http-8080-1] org.springframework.beans.factory.xml.XmlBeanDefinitionReader:org.springframework.beans.factory.xml.XmlBeanDefinitionReader.loadBeanDefinitions(XmlBeanDefinitionReader.java:317) - Loading XML bean definitions from class path resource [springmvc-servlet.xml]
2018-03-25 15:45:36.710  INFO [http-8080-1] org.springframework.beans.factory.annotation.AutowiredAnnotationBeanPostProcessor:org.springframework.beans.factory.annotation.AutowiredAnnotationBeanPostProcessor.<init>(AutowiredAnnotationBeanPostProcessor.java:155) - JSR-330 'javax.inject.Inject' annotation found and supported for autowiring
2018-03-25 15:45:36.742  WARN [http-8080-1] org.springframework.web.context.support.XmlWebApplicationContext:org.springframework.context.support.AbstractApplicationContext.refresh(AbstractApplicationContext.java:551) - Exception encountered during context initialization - cancelling refresh attempt: org.springframework.beans.factory.UnsatisfiedDependencyException: Error creating bean with name 'deviceController': Unsatisfied dependency expressed through field 'deviceService'; nested exception is org.springframework.beans.factory.CannotLoadBeanClassException: Cannot find class [org.springframework.http.converter.json.MappingJacksonHttpMessageConverter] for bean with name 'mappingJacksonHttpMessageConverter' defined in class path resource [springmvc-servlet.xml]; nested exception is java.lang.ClassNotFoundException: org.springframework.http.converter.json.MappingJacksonHttpMessageConverter
2018-03-25 15:45:36.743 ERROR [http-8080-1] org.springframework.web.servlet.DispatcherServlet:org.springframework.web.servlet.FrameworkServlet.initServletBean(FrameworkServlet.java:502) - Context initialization failed
org.springframework.beans.factory.UnsatisfiedDependencyException: Error creating bean with name 'deviceController': Unsatisfied dependency expressed through field 'deviceService'; nested exception is org.springframework.beans.factory.CannotLoadBeanClassException: Cannot find class [org.springframework.http.converter.json.MappingJacksonHttpMessageConverter] for bean with name 'mappingJacksonHttpMessageConverter' defined in class path resource [springmvc-servlet.xml]; nested exception is java.lang.ClassNotFoundException: org.springframework.http.converter.json.MappingJacksonHttpMessageConverter
	at org.springframework.beans.factory.annotation.AutowiredAnnotationBeanPostProcessor$AutowiredFieldElement.inject(AutowiredAnnotationBeanPostProcessor.java:588)
	at org.springframework.beans.factory.annotation.InjectionMetadata.inject(InjectionMetadata.java:88)
	at org.springframework.beans.factory.annotation.AutowiredAnnotationBeanPostProcessor.postProcessPropertyValues(AutowiredAnnotationBeanPostProcessor.java:366)
	at org.springframework.beans.factory.support.AbstractAutowireCapableBeanFactory.populateBean(AbstractAutowireCapableBeanFactory.java:1264)
	at org.springframework.beans.factory.support.AbstractAutowireCapableBeanFactory.doCreateBean(AbstractAutowireCapableBeanFactory.java:553)
	at org.springframework.beans.factory.support.AbstractAutowireCapableBeanFactory.createBean(AbstractAutowireCapableBeanFactory.java:483)
	at org.springframework.beans.factory.support.AbstractBeanFactory$1.getObject(AbstractBeanFactory.java:306)
	at org.springframework.beans.factory.support.DefaultSingletonBeanRegistry.getSingleton(DefaultSingletonBeanRegistry.java:230)
	at org.springframework.beans.factory.support.AbstractBeanFactory.doGetBean(AbstractBeanFactory.java:302)
	at org.springframework.beans.factory.support.AbstractBeanFactory.getBean(AbstractBeanFactory.java:197)
	at org.springframework.beans.factory.support.DefaultListableBeanFactory.preInstantiateSingletons(DefaultListableBeanFactory.java:761)
	at org.springframework.context.support.AbstractApplicationContext.finishBeanFactoryInitialization(AbstractApplicationContext.java:867)
	at org.springframework.context.support.AbstractApplicationContext.refresh(AbstractApplicationContext.java:543)
	at org.springframework.web.servlet.FrameworkServlet.configureAndRefreshWebApplicationContext(FrameworkServlet.java:668)
	at org.springframework.web.servlet.FrameworkServlet.createWebApplicationContext(FrameworkServlet.java:634)
	at org.springframework.web.servlet.FrameworkServlet.createWebApplicationContext(FrameworkServlet.java:682)
	at org.springframework.web.servlet.FrameworkServlet.initWebApplicationContext(FrameworkServlet.java:553)
	at org.springframework.web.servlet.FrameworkServlet.initServletBean(FrameworkServlet.java:494)
	at org.springframework.web.servlet.HttpServletBean.init(HttpServletBean.java:171)
	at javax.servlet.GenericServlet.init(GenericServlet.java:212)
	at org.apache.catalina.core.StandardWrapper.loadServlet(StandardWrapper.java:1173)
	at org.apache.catalina.core.StandardWrapper.allocate(StandardWrapper.java:809)
	at org.apache.catalina.core.StandardWrapperValve.invoke(StandardWrapperValve.java:129)
	at org.apache.catalina.core.StandardContextValve.invoke(StandardContextValve.java:191)
	at org.apache.catalina.core.StandardHostValve.invoke(StandardHostValve.java:127)
	at org.apache.catalina.valves.ErrorReportValve.invoke(ErrorReportValve.java:102)
	at org.apache.catalina.core.StandardEngineValve.invoke(StandardEngineValve.java:109)
	at org.apache.catalina.connector.CoyoteAdapter.service(CoyoteAdapter.java:298)
	at org.apache.coyote.http11.Http11Processor.process(Http11Processor.java:857)
	at org.apache.coyote.http11.Http11Protocol$Http11ConnectionHandler.process(Http11Protocol.java:588)
	at org.apache.tomcat.util.net.JIoEndpoint$Worker.run(JIoEndpoint.java:489)
	at java.lang.Thread.run(Thread.java:748)
Caused by: org.springframework.beans.factory.CannotLoadBeanClassException: Cannot find class [org.springframework.http.converter.json.MappingJacksonHttpMessageConverter] for bean with name 'mappingJacksonHttpMessageConverter' defined in class path resource [springmvc-servlet.xml]; nested exception is java.lang.ClassNotFoundException: org.springframework.http.converter.json.MappingJacksonHttpMessageConverter
	at org.springframework.beans.factory.support.AbstractBeanFactory.resolveBeanClass(AbstractBeanFactory.java:1385)
	at org.springframework.beans.factory.support.AbstractAutowireCapableBeanFactory.determineTargetType(AbstractAutowireCapableBeanFactory.java:641)
	at org.springframework.beans.factory.support.AbstractAutowireCapableBeanFactory.predictBeanType(AbstractAutowireCapableBeanFactory.java:609)
	at org.springframework.beans.factory.support.AbstractBeanFactory.isFactoryBean(AbstractBeanFactory.java:1484)
	at org.springframework.beans.factory.support.DefaultListableBeanFactory.doGetBeanNamesForType(DefaultListableBeanFactory.java:425)
	at org.springframework.beans.factory.support.DefaultListableBeanFactory.getBeanNamesForType(DefaultListableBeanFactory.java:403)
	at org.springframework.beans.factory.BeanFactoryUtils.beanNamesForTypeIncludingAncestors(BeanFactoryUtils.java:220)
	at org.springframework.beans.factory.support.DefaultListableBeanFactory.findAutowireCandidates(DefaultListableBeanFactory.java:1267)
	at org.springframework.beans.factory.support.DefaultListableBeanFactory.doResolveDependency(DefaultListableBeanFactory.java:1101)
	at org.springframework.beans.factory.support.DefaultListableBeanFactory.resolveDependency(DefaultListableBeanFactory.java:1066)
	at org.springframework.beans.factory.annotation.AutowiredAnnotationBeanPostProcessor$AutowiredFieldElement.inject(AutowiredAnnotationBeanPostProcessor.java:585)
	... 31 more
Caused by: java.lang.ClassNotFoundException: org.springframework.http.converter.json.MappingJacksonHttpMessageConverter
	at org.apache.catalina.loader.WebappClassLoader.loadClass(WebappClassLoader.java:1645)
	at org.apache.catalina.loader.WebappClassLoader.loadClass(WebappClassLoader.java:1491)
	at org.springframework.util.ClassUtils.forName(ClassUtils.java:250)
	at org.springframework.beans.factory.support.AbstractBeanDefinition.resolveBeanClass(AbstractBeanDefinition.java:401)
	at org.springframework.beans.factory.support.AbstractBeanFactory.doResolveBeanClass(AbstractBeanFactory.java:1432)
	at org.springframework.beans.factory.support.AbstractBeanFactory.resolveBeanClass(AbstractBeanFactory.java:1377)
	... 41 more
2018-03-25 16:40:20.218  INFO [http-8080-1] org.springframework.web.servlet.DispatcherServlet:org.springframework.web.servlet.FrameworkServlet.initServletBean(FrameworkServlet.java:489) - FrameworkServlet 'springmvc': initialization started
2018-03-25 16:40:20.220  INFO [http-8080-1] org.springframework.web.context.support.XmlWebApplicationContext:org.springframework.context.support.AbstractApplicationContext.prepareRefresh(AbstractApplicationContext.java:583) - Refreshing WebApplicationContext for namespace 'springmvc-servlet': startup date [Sun Mar 25 16:40:20 CST 2018]; parent: Root WebApplicationContext
2018-03-25 16:40:20.221  INFO [http-8080-1] org.springframework.beans.factory.xml.XmlBeanDefinitionReader:org.springframework.beans.factory.xml.XmlBeanDefinitionReader.loadBeanDefinitions(XmlBeanDefinitionReader.java:317) - Loading XML bean definitions from class path resource [springmvc-servlet.xml]
2018-03-25 16:40:20.334  INFO [http-8080-1] org.springframework.beans.factory.annotation.AutowiredAnnotationBeanPostProcessor:org.springframework.beans.factory.annotation.AutowiredAnnotationBeanPostProcessor.<init>(AutowiredAnnotationBeanPostProcessor.java:155) - JSR-330 'javax.inject.Inject' annotation found and supported for autowiring
2018-03-25 16:40:20.560  INFO [http-8080-1] org.springframework.web.servlet.mvc.method.annotation.RequestMappingHandlerMapping:org.springframework.web.servlet.handler.AbstractHandlerMethodMapping$MappingRegistry.register(AbstractHandlerMethodMapping.java:543) - Mapped "{[/device/page/index || /device/device/list]}" onto public java.lang.String com.xxx.it.xdevice.controller.DeviceController.index(org.springframework.ui.Model)
2018-03-25 16:40:20.560  INFO [http-8080-1] org.springframework.web.servlet.mvc.method.annotation.RequestMappingHandlerMapping:org.springframework.web.servlet.handler.AbstractHandlerMethodMapping$MappingRegistry.register(AbstractHandlerMethodMapping.java:543) - Mapped "{[/device/update],methods=[POST]}" onto public java.lang.Object com.xxx.it.xdevice.controller.DeviceController.update(java.util.Map<java.lang.String, java.lang.String>)
2018-03-25 16:40:20.561  INFO [http-8080-1] org.springframework.web.servlet.mvc.method.annotation.RequestMappingHandlerMapping:org.springframework.web.servlet.handler.AbstractHandlerMethodMapping$MappingRegistry.register(AbstractHandlerMethodMapping.java:543) - Mapped "{[/device/find/{id}],methods=[GET]}" onto public java.lang.Object com.xxx.it.xdevice.controller.DeviceController.find(java.lang.String)
2018-03-25 16:40:20.561  INFO [http-8080-1] org.springframework.web.servlet.mvc.method.annotation.RequestMappingHandlerMapping:org.springframework.web.servlet.handler.AbstractHandlerMethodMapping$MappingRegistry.register(AbstractHandlerMethodMapping.java:543) - Mapped "{[/device/delete/{id}],methods=[GET]}" onto public java.lang.Object com.xxx.it.xdevice.controller.DeviceController.delete(java.lang.String)
2018-03-25 16:40:20.561  INFO [http-8080-1] org.springframework.web.servlet.mvc.method.annotation.RequestMappingHandlerMapping:org.springframework.web.servlet.handler.AbstractHandlerMethodMapping$MappingRegistry.register(AbstractHandlerMethodMapping.java:543) - Mapped "{[/device/list/{page}/{pageSize}],methods=[GET]}" onto public org.springframework.http.ResponseEntity<java.lang.Object> com.xxx.it.xdevice.controller.DeviceController.list(int,int,javax.servlet.http.HttpSession)
2018-03-25 16:40:20.562  INFO [http-8080-1] org.springframework.web.servlet.mvc.method.annotation.RequestMappingHandlerMapping:org.springframework.web.servlet.handler.AbstractHandlerMethodMapping$MappingRegistry.register(AbstractHandlerMethodMapping.java:543) - Mapped "{[/device/save],methods=[POST]}" onto public java.lang.Object com.xxx.it.xdevice.controller.DeviceController.save(java.util.Map<java.lang.String, java.lang.String>)
2018-03-25 16:40:20.562  INFO [http-8080-1] org.springframework.web.servlet.mvc.method.annotation.RequestMappingHandlerMapping:org.springframework.web.servlet.handler.AbstractHandlerMethodMapping$MappingRegistry.register(AbstractHandlerMethodMapping.java:543) - Mapped "{[/device/produce],methods=[GET],produces=[application/json;charset=UTF-8]}" onto public org.springframework.http.ResponseEntity<java.util.Map> com.xxx.it.xdevice.controller.DeviceController.produce()
2018-03-25 16:40:20.562  INFO [http-8080-1] org.springframework.web.servlet.mvc.method.annotation.RequestMappingHandlerMapping:org.springframework.web.servlet.handler.AbstractHandlerMethodMapping$MappingRegistry.register(AbstractHandlerMethodMapping.java:543) - Mapped "{[/device/consumer/{id}],consumes=[application/json || application/xml]}" onto public java.lang.Object com.xxx.it.xdevice.controller.DeviceController.consumer(java.lang.String)
2018-03-25 16:40:20.563  INFO [http-8080-1] org.springframework.web.servlet.mvc.method.annotation.RequestMappingHandlerMapping:org.springframework.web.servlet.handler.AbstractHandlerMethodMapping$MappingRegistry.register(AbstractHandlerMethodMapping.java:543) - Mapped "{[/device/upload]}" onto public java.lang.String com.xxx.it.xdevice.controller.DeviceController.upload(java.lang.String,org.springframework.web.multipart.MultipartFile[],javax.servlet.http.HttpServletResponse) throws java.io.IOException
2018-03-25 16:40:20.564  INFO [http-8080-1] org.springframework.web.servlet.mvc.method.annotation.RequestMappingHandlerMapping:org.springframework.web.servlet.handler.AbstractHandlerMethodMapping$MappingRegistry.register(AbstractHandlerMethodMapping.java:543) - Mapped "{[/userlogin/register]}" onto public java.lang.String com.xxx.it.xdevice.controller.UserLoginController.register(javax.servlet.http.HttpSession,java.lang.String,java.lang.String) throws java.lang.Exception
2018-03-25 16:40:20.564  INFO [http-8080-1] org.springframework.web.servlet.mvc.method.annotation.RequestMappingHandlerMapping:org.springframework.web.servlet.handler.AbstractHandlerMethodMapping$MappingRegistry.register(AbstractHandlerMethodMapping.java:543) - Mapped "{[/userlogin/logout]}" onto public java.lang.String com.xxx.it.xdevice.controller.UserLoginController.logout(javax.servlet.http.HttpSession) throws java.lang.Exception
2018-03-25 16:40:20.565  INFO [http-8080-1] org.springframework.web.servlet.mvc.method.annotation.RequestMappingHandlerMapping:org.springframework.web.servlet.handler.AbstractHandlerMethodMapping$MappingRegistry.register(AbstractHandlerMethodMapping.java:543) - Mapped "{[/userlogin/page/register]}" onto public java.lang.String com.xxx.it.xdevice.controller.UserLoginController.registerPage()
2018-03-25 16:40:20.565  INFO [http-8080-1] org.springframework.web.servlet.mvc.method.annotation.RequestMappingHandlerMapping:org.springframework.web.servlet.handler.AbstractHandlerMethodMapping$MappingRegistry.register(AbstractHandlerMethodMapping.java:543) - Mapped "{[/userlogin/login]}" onto public java.lang.String com.xxx.it.xdevice.controller.UserLoginController.login(javax.servlet.http.HttpSession,java.lang.String,java.lang.String) throws java.lang.Exception
2018-03-25 16:40:20.565  INFO [http-8080-1] org.springframework.web.servlet.mvc.method.annotation.RequestMappingHandlerMapping:org.springframework.web.servlet.handler.AbstractHandlerMethodMapping$MappingRegistry.register(AbstractHandlerMethodMapping.java:543) - Mapped "{[/userlogin/page/login]}" onto public java.lang.String com.xxx.it.xdevice.controller.UserLoginController.loginPage()
2018-03-25 16:40:20.618  INFO [http-8080-1] org.springframework.web.servlet.mvc.method.annotation.RequestMappingHandlerAdapter:org.springframework.web.servlet.mvc.method.annotation.RequestMappingHandlerAdapter.initControllerAdviceCache(RequestMappingHandlerAdapter.java:534) - Looking for @ControllerAdvice: WebApplicationContext for namespace 'springmvc-servlet': startup date [Sun Mar 25 16:40:20 CST 2018]; parent: Root WebApplicationContext
2018-03-25 16:40:20.648  INFO [http-8080-1] org.springframework.web.servlet.mvc.method.annotation.RequestMappingHandlerAdapter:org.springframework.web.servlet.mvc.method.annotation.RequestMappingHandlerAdapter.initControllerAdviceCache(RequestMappingHandlerAdapter.java:534) - Looking for @ControllerAdvice: WebApplicationContext for namespace 'springmvc-servlet': startup date [Sun Mar 25 16:40:20 CST 2018]; parent: Root WebApplicationContext
2018-03-25 16:40:20.693  WARN [http-8080-1] org.springframework.web.context.support.XmlWebApplicationContext:org.springframework.context.support.AbstractApplicationContext.refresh(AbstractApplicationContext.java:551) - Exception encountered during context initialization - cancelling refresh attempt: org.springframework.beans.factory.BeanCreationException: Error creating bean with name 'org.springframework.web.servlet.mvc.annotation.AnnotationMethodHandlerAdapter#0' defined in class path resource [springmvc-servlet.xml]: Cannot resolve reference to bean 'mappingJacksonHttpMessageConverter' while setting bean property 'messageConverters' with key [0]; nested exception is org.springframework.beans.factory.BeanCreationException: Error creating bean with name 'mappingJacksonHttpMessageConverter': Failed to introspect bean class [org.springframework.http.converter.json.MappingJackson2HttpMessageConverter] for lookup method metadata: could not find class that it depends on; nested exception is java.lang.NoClassDefFoundError: com/fasterxml/jackson/core/util/DefaultPrettyPrinter$Indenter
2018-03-25 16:40:20.694 ERROR [http-8080-1] org.springframework.web.servlet.DispatcherServlet:org.springframework.web.servlet.FrameworkServlet.initServletBean(FrameworkServlet.java:502) - Context initialization failed
org.springframework.beans.factory.BeanCreationException: Error creating bean with name 'org.springframework.web.servlet.mvc.annotation.AnnotationMethodHandlerAdapter#0' defined in class path resource [springmvc-servlet.xml]: Cannot resolve reference to bean 'mappingJacksonHttpMessageConverter' while setting bean property 'messageConverters' with key [0]; nested exception is org.springframework.beans.factory.BeanCreationException: Error creating bean with name 'mappingJacksonHttpMessageConverter': Failed to introspect bean class [org.springframework.http.converter.json.MappingJackson2HttpMessageConverter] for lookup method metadata: could not find class that it depends on; nested exception is java.lang.NoClassDefFoundError: com/fasterxml/jackson/core/util/DefaultPrettyPrinter$Indenter
	at org.springframework.beans.factory.support.BeanDefinitionValueResolver.resolveReference(BeanDefinitionValueResolver.java:359)
	at org.springframework.beans.factory.support.BeanDefinitionValueResolver.resolveValueIfNecessary(BeanDefinitionValueResolver.java:108)
	at org.springframework.beans.factory.support.BeanDefinitionValueResolver.resolveManagedList(BeanDefinitionValueResolver.java:382)
	at org.springframework.beans.factory.support.BeanDefinitionValueResolver.resolveValueIfNecessary(BeanDefinitionValueResolver.java:157)
	at org.springframework.beans.factory.support.AbstractAutowireCapableBeanFactory.applyPropertyValues(AbstractAutowireCapableBeanFactory.java:1531)
	at org.springframework.beans.factory.support.AbstractAutowireCapableBeanFactory.populateBean(AbstractAutowireCapableBeanFactory.java:1276)
	at org.springframework.beans.factory.support.AbstractAutowireCapableBeanFactory.doCreateBean(AbstractAutowireCapableBeanFactory.java:553)
	at org.springframework.beans.factory.support.AbstractAutowireCapableBeanFactory.createBean(AbstractAutowireCapableBeanFactory.java:483)
	at org.springframework.beans.factory.support.AbstractBeanFactory$1.getObject(AbstractBeanFactory.java:306)
	at org.springframework.beans.factory.support.DefaultSingletonBeanRegistry.getSingleton(DefaultSingletonBeanRegistry.java:230)
	at org.springframework.beans.factory.support.AbstractBeanFactory.doGetBean(AbstractBeanFactory.java:302)
	at org.springframework.beans.factory.support.AbstractBeanFactory.getBean(AbstractBeanFactory.java:197)
	at org.springframework.beans.factory.support.DefaultListableBeanFactory.preInstantiateSingletons(DefaultListableBeanFactory.java:761)
	at org.springframework.context.support.AbstractApplicationContext.finishBeanFactoryInitialization(AbstractApplicationContext.java:867)
	at org.springframework.context.support.AbstractApplicationContext.refresh(AbstractApplicationContext.java:543)
	at org.springframework.web.servlet.FrameworkServlet.configureAndRefreshWebApplicationContext(FrameworkServlet.java:668)
	at org.springframework.web.servlet.FrameworkServlet.createWebApplicationContext(FrameworkServlet.java:634)
	at org.springframework.web.servlet.FrameworkServlet.createWebApplicationContext(FrameworkServlet.java:682)
	at org.springframework.web.servlet.FrameworkServlet.initWebApplicationContext(FrameworkServlet.java:553)
	at org.springframework.web.servlet.FrameworkServlet.initServletBean(FrameworkServlet.java:494)
	at org.springframework.web.servlet.HttpServletBean.init(HttpServletBean.java:171)
	at javax.servlet.GenericServlet.init(GenericServlet.java:212)
	at org.apache.catalina.core.StandardWrapper.loadServlet(StandardWrapper.java:1173)
	at org.apache.catalina.core.StandardWrapper.allocate(StandardWrapper.java:809)
	at org.apache.catalina.core.StandardWrapperValve.invoke(StandardWrapperValve.java:129)
	at org.apache.catalina.core.StandardContextValve.invoke(StandardContextValve.java:191)
	at org.apache.catalina.core.StandardHostValve.invoke(StandardHostValve.java:127)
	at org.apache.catalina.valves.ErrorReportValve.invoke(ErrorReportValve.java:102)
	at org.apache.catalina.core.StandardEngineValve.invoke(StandardEngineValve.java:109)
	at org.apache.catalina.connector.CoyoteAdapter.service(CoyoteAdapter.java:298)
	at org.apache.coyote.http11.Http11Processor.process(Http11Processor.java:857)
	at org.apache.coyote.http11.Http11Protocol$Http11ConnectionHandler.process(Http11Protocol.java:588)
	at org.apache.tomcat.util.net.JIoEndpoint$Worker.run(JIoEndpoint.java:489)
	at java.lang.Thread.run(Thread.java:748)
Caused by: org.springframework.beans.factory.BeanCreationException: Error creating bean with name 'mappingJacksonHttpMessageConverter': Failed to introspect bean class [org.springframework.http.converter.json.MappingJackson2HttpMessageConverter] for lookup method metadata: could not find class that it depends on; nested exception is java.lang.NoClassDefFoundError: com/fasterxml/jackson/core/util/DefaultPrettyPrinter$Indenter
	at org.springframework.beans.factory.annotation.AutowiredAnnotationBeanPostProcessor.determineCandidateConstructors(AutowiredAnnotationBeanPostProcessor.java:269)
	at org.springframework.beans.factory.support.AbstractAutowireCapableBeanFactory.determineConstructorsFromBeanPostProcessors(AbstractAutowireCapableBeanFactory.java:1118)
	at org.springframework.beans.factory.support.AbstractAutowireCapableBeanFactory.createBeanInstance(AbstractAutowireCapableBeanFactory.java:1091)
	at org.springframework.beans.factory.support.AbstractAutowireCapableBeanFactory.doCreateBean(AbstractAutowireCapableBeanFactory.java:513)
	at org.springframework.beans.factory.support.AbstractAutowireCapableBeanFactory.createBean(AbstractAutowireCapableBeanFactory.java:483)
	at org.springframework.beans.factory.support.AbstractBeanFactory$1.getObject(AbstractBeanFactory.java:306)
	at org.springframework.beans.factory.support.DefaultSingletonBeanRegistry.getSingleton(DefaultSingletonBeanRegistry.java:230)
	at org.springframework.beans.factory.support.AbstractBeanFactory.doGetBean(AbstractBeanFactory.java:302)
	at org.springframework.beans.factory.support.AbstractBeanFactory.getBean(AbstractBeanFactory.java:197)
	at org.springframework.beans.factory.support.BeanDefinitionValueResolver.resolveReference(BeanDefinitionValueResolver.java:351)
	... 33 more
Caused by: java.lang.NoClassDefFoundError: com/fasterxml/jackson/core/util/DefaultPrettyPrinter$Indenter
	at java.lang.Class.getDeclaredMethods0(Native Method)
	at java.lang.Class.privateGetDeclaredMethods(Class.java:2701)
	at java.lang.Class.getDeclaredMethods(Class.java:1975)
	at org.springframework.util.ReflectionUtils.getDeclaredMethods(ReflectionUtils.java:613)
	at org.springframework.util.ReflectionUtils.doWithMethods(ReflectionUtils.java:524)
	at org.springframework.util.ReflectionUtils.doWithMethods(ReflectionUtils.java:510)
	at org.springframework.beans.factory.annotation.AutowiredAnnotationBeanPostProcessor.determineCandidateConstructors(AutowiredAnnotationBeanPostProcessor.java:247)
	... 42 more
Caused by: java.lang.ClassNotFoundException: com.fasterxml.jackson.core.util.DefaultPrettyPrinter$Indenter
	at org.apache.catalina.loader.WebappClassLoader.loadClass(WebappClassLoader.java:1645)
	at org.apache.catalina.loader.WebappClassLoader.loadClass(WebappClassLoader.java:1491)
	... 49 more
2018-03-25 20:22:58.695  INFO [http-8080-1] org.springframework.web.servlet.DispatcherServlet:org.springframework.web.servlet.FrameworkServlet.initServletBean(FrameworkServlet.java:489) - FrameworkServlet 'springmvc': initialization started
2018-03-25 20:22:58.698  INFO [http-8080-1] org.springframework.web.context.support.XmlWebApplicationContext:org.springframework.context.support.AbstractApplicationContext.prepareRefresh(AbstractApplicationContext.java:583) - Refreshing WebApplicationContext for namespace 'springmvc-servlet': startup date [Sun Mar 25 20:22:58 CST 2018]; parent: Root WebApplicationContext
2018-03-25 20:22:58.699  INFO [http-8080-1] org.springframework.beans.factory.xml.XmlBeanDefinitionReader:org.springframework.beans.factory.xml.XmlBeanDefinitionReader.loadBeanDefinitions(XmlBeanDefinitionReader.java:317) - Loading XML bean definitions from class path resource [springmvc-servlet.xml]
2018-03-25 20:22:58.799  INFO [http-8080-1] org.springframework.beans.factory.annotation.AutowiredAnnotationBeanPostProcessor:org.springframework.beans.factory.annotation.AutowiredAnnotationBeanPostProcessor.<init>(AutowiredAnnotationBeanPostProcessor.java:155) - JSR-330 'javax.inject.Inject' annotation found and supported for autowiring
2018-03-25 20:22:59.038  INFO [http-8080-1] org.springframework.web.servlet.mvc.method.annotation.RequestMappingHandlerMapping:org.springframework.web.servlet.handler.AbstractHandlerMethodMapping$MappingRegistry.register(AbstractHandlerMethodMapping.java:543) - Mapped "{[/device/page/index || /device/device/list]}" onto public java.lang.String com.xxx.it.xdevice.controller.DeviceController.index(org.springframework.ui.Model)
2018-03-25 20:22:59.039  INFO [http-8080-1] org.springframework.web.servlet.mvc.method.annotation.RequestMappingHandlerMapping:org.springframework.web.servlet.handler.AbstractHandlerMethodMapping$MappingRegistry.register(AbstractHandlerMethodMapping.java:543) - Mapped "{[/device/update],methods=[POST]}" onto public java.lang.Object com.xxx.it.xdevice.controller.DeviceController.update(java.util.Map<java.lang.String, java.lang.String>)
2018-03-25 20:22:59.039  INFO [http-8080-1] org.springframework.web.servlet.mvc.method.annotation.RequestMappingHandlerMapping:org.springframework.web.servlet.handler.AbstractHandlerMethodMapping$MappingRegistry.register(AbstractHandlerMethodMapping.java:543) - Mapped "{[/device/find/{id}],methods=[GET]}" onto public java.lang.Object com.xxx.it.xdevice.controller.DeviceController.find(java.lang.String)
2018-03-25 20:22:59.040  INFO [http-8080-1] org.springframework.web.servlet.mvc.method.annotation.RequestMappingHandlerMapping:org.springframework.web.servlet.handler.AbstractHandlerMethodMapping$MappingRegistry.register(AbstractHandlerMethodMapping.java:543) - Mapped "{[/device/delete/{id}],methods=[GET]}" onto public java.lang.Object com.xxx.it.xdevice.controller.DeviceController.delete(java.lang.String)
2018-03-25 20:22:59.040  INFO [http-8080-1] org.springframework.web.servlet.mvc.method.annotation.RequestMappingHandlerMapping:org.springframework.web.servlet.handler.AbstractHandlerMethodMapping$MappingRegistry.register(AbstractHandlerMethodMapping.java:543) - Mapped "{[/device/list/{page}/{pageSize}],methods=[GET]}" onto public org.springframework.http.ResponseEntity<java.lang.Object> com.xxx.it.xdevice.controller.DeviceController.list(int,int,javax.servlet.http.HttpSession)
2018-03-25 20:22:59.040  INFO [http-8080-1] org.springframework.web.servlet.mvc.method.annotation.RequestMappingHandlerMapping:org.springframework.web.servlet.handler.AbstractHandlerMethodMapping$MappingRegistry.register(AbstractHandlerMethodMapping.java:543) - Mapped "{[/device/save],methods=[POST]}" onto public java.lang.Object com.xxx.it.xdevice.controller.DeviceController.save(java.util.Map<java.lang.String, java.lang.String>)
2018-03-25 20:22:59.040  INFO [http-8080-1] org.springframework.web.servlet.mvc.method.annotation.RequestMappingHandlerMapping:org.springframework.web.servlet.handler.AbstractHandlerMethodMapping$MappingRegistry.register(AbstractHandlerMethodMapping.java:543) - Mapped "{[/device/upload]}" onto public java.lang.String com.xxx.it.xdevice.controller.DeviceController.upload(java.lang.String,org.springframework.web.multipart.MultipartFile[],javax.servlet.http.HttpServletResponse) throws java.io.IOException
2018-03-25 20:22:59.041  INFO [http-8080-1] org.springframework.web.servlet.mvc.method.annotation.RequestMappingHandlerMapping:org.springframework.web.servlet.handler.AbstractHandlerMethodMapping$MappingRegistry.register(AbstractHandlerMethodMapping.java:543) - Mapped "{[/device/consumer/{id}],consumes=[application/json || application/xml]}" onto public java.lang.Object com.xxx.it.xdevice.controller.DeviceController.consumer(java.lang.String)
2018-03-25 20:22:59.041  INFO [http-8080-1] org.springframework.web.servlet.mvc.method.annotation.RequestMappingHandlerMapping:org.springframework.web.servlet.handler.AbstractHandlerMethodMapping$MappingRegistry.register(AbstractHandlerMethodMapping.java:543) - Mapped "{[/device/produce],methods=[GET],produces=[application/json;charset=UTF-8]}" onto public org.springframework.http.ResponseEntity<java.util.Map> com.xxx.it.xdevice.controller.DeviceController.produce()
2018-03-25 20:22:59.044  INFO [http-8080-1] org.springframework.web.servlet.mvc.method.annotation.RequestMappingHandlerMapping:org.springframework.web.servlet.handler.AbstractHandlerMethodMapping$MappingRegistry.register(AbstractHandlerMethodMapping.java:543) - Mapped "{[/userlogin/register]}" onto public java.lang.String com.xxx.it.xdevice.controller.UserLoginController.register(javax.servlet.http.HttpSession,java.lang.String,java.lang.String) throws java.lang.Exception
2018-03-25 20:22:59.044  INFO [http-8080-1] org.springframework.web.servlet.mvc.method.annotation.RequestMappingHandlerMapping:org.springframework.web.servlet.handler.AbstractHandlerMethodMapping$MappingRegistry.register(AbstractHandlerMethodMapping.java:543) - Mapped "{[/userlogin/login]}" onto public java.lang.String com.xxx.it.xdevice.controller.UserLoginController.login(javax.servlet.http.HttpSession,java.lang.String,java.lang.String) throws java.lang.Exception
2018-03-25 20:22:59.044  INFO [http-8080-1] org.springframework.web.servlet.mvc.method.annotation.RequestMappingHandlerMapping:org.springframework.web.servlet.handler.AbstractHandlerMethodMapping$MappingRegistry.register(AbstractHandlerMethodMapping.java:543) - Mapped "{[/userlogin/logout]}" onto public java.lang.String com.xxx.it.xdevice.controller.UserLoginController.logout(javax.servlet.http.HttpSession) throws java.lang.Exception
2018-03-25 20:22:59.045  INFO [http-8080-1] org.springframework.web.servlet.mvc.method.annotation.RequestMappingHandlerMapping:org.springframework.web.servlet.handler.AbstractHandlerMethodMapping$MappingRegistry.register(AbstractHandlerMethodMapping.java:543) - Mapped "{[/userlogin/page/register]}" onto public java.lang.String com.xxx.it.xdevice.controller.UserLoginController.registerPage()
2018-03-25 20:22:59.045  INFO [http-8080-1] org.springframework.web.servlet.mvc.method.annotation.RequestMappingHandlerMapping:org.springframework.web.servlet.handler.AbstractHandlerMethodMapping$MappingRegistry.register(AbstractHandlerMethodMapping.java:543) - Mapped "{[/userlogin/page/login]}" onto public java.lang.String com.xxx.it.xdevice.controller.UserLoginController.loginPage()
2018-03-25 20:22:59.269  INFO [http-8080-1] org.springframework.web.servlet.mvc.method.annotation.RequestMappingHandlerAdapter:org.springframework.web.servlet.mvc.method.annotation.RequestMappingHandlerAdapter.initControllerAdviceCache(RequestMappingHandlerAdapter.java:534) - Looking for @ControllerAdvice: WebApplicationContext for namespace 'springmvc-servlet': startup date [Sun Mar 25 20:22:58 CST 2018]; parent: Root WebApplicationContext
2018-03-25 20:22:59.314  INFO [http-8080-1] org.springframework.web.servlet.mvc.method.annotation.RequestMappingHandlerAdapter:org.springframework.web.servlet.mvc.method.annotation.RequestMappingHandlerAdapter.initControllerAdviceCache(RequestMappingHandlerAdapter.java:534) - Looking for @ControllerAdvice: WebApplicationContext for namespace 'springmvc-servlet': startup date [Sun Mar 25 20:22:58 CST 2018]; parent: Root WebApplicationContext
2018-03-25 20:22:59.396  INFO [http-8080-1] org.springframework.web.servlet.handler.SimpleUrlHandlerMapping:org.springframework.web.servlet.handler.AbstractUrlHandlerMapping.registerHandler(AbstractUrlHandlerMapping.java:362) - Mapped URL path [/**] onto handler 'org.springframework.web.servlet.resource.DefaultServletHttpRequestHandler#0'
2018-03-25 20:22:59.411  INFO [http-8080-1] org.springframework.web.servlet.handler.SimpleUrlHandlerMapping:org.springframework.web.servlet.handler.AbstractUrlHandlerMapping.registerHandler(AbstractUrlHandlerMapping.java:362) - Mapped URL path [/images/**] onto handler 'org.springframework.web.servlet.resource.ResourceHttpRequestHandler#0'
2018-03-25 20:22:59.415  INFO [http-8080-1] org.springframework.web.servlet.handler.SimpleUrlHandlerMapping:org.springframework.web.servlet.handler.AbstractUrlHandlerMapping.registerHandler(AbstractUrlHandlerMapping.java:362) - Mapped URL path [/js/**] onto handler 'org.springframework.web.servlet.resource.ResourceHttpRequestHandler#1'
2018-03-25 20:22:59.419  INFO [http-8080-1] org.springframework.web.servlet.handler.SimpleUrlHandlerMapping:org.springframework.web.servlet.handler.AbstractUrlHandlerMapping.registerHandler(AbstractUrlHandlerMapping.java:362) - Mapped URL path [/css/**] onto handler 'org.springframework.web.servlet.resource.ResourceHttpRequestHandler#2'
2018-03-25 20:22:59.454  INFO [http-8080-1] org.springframework.web.servlet.DispatcherServlet:org.springframework.web.servlet.FrameworkServlet.initServletBean(FrameworkServlet.java:508) - FrameworkServlet 'springmvc': initialization completed in 758 ms
2018-03-25 20:22:59.471  INFO [http-8080-1] com.xxx.it.xdevice.interceptor.AuthorizationInterceptor:com.xxx.it.xdevice.interceptor.AuthorizationInterceptor.preHandle(AuthorizationInterceptor.java:27) - servletPath: /device/page/index
2018-03-25 20:22:59.475  INFO [http-8080-1] com.xxx.it.xdevice.interceptor.PerformanceMonitorInterceptor:com.xxx.it.xdevice.interceptor.PerformanceMonitorInterceptor.afterCompletion(PerformanceMonitorInterceptor.java:34) - URI: /xdevice.web/device/page/index, cost: 4 ms
2018-03-25 20:22:59.481  INFO [http-8080-1] com.xxx.it.xdevice.interceptor.AuthorizationInterceptor:com.xxx.it.xdevice.interceptor.AuthorizationInterceptor.preHandle(AuthorizationInterceptor.java:27) - servletPath: /userlogin/page/login
2018-03-25 20:22:59.815  INFO [http-8080-1] com.xxx.it.xdevice.interceptor.PerformanceMonitorInterceptor:com.xxx.it.xdevice.interceptor.PerformanceMonitorInterceptor.afterCompletion(PerformanceMonitorInterceptor.java:34) - URI: /xdevice.web/userlogin/page/login, cost: 334 ms
